Determining if the pthread_create exist failed with the following output:
Change Dir: /tmp/tmp.LHC2rqj3pK/cmake-build-debug-remote-host/CMakeFiles/CMakeTmp

Run Build Command:"/usr/bin/make" "cmTC_f22b3/fast"
/usr/bin/make -f CMakeFiles/cmTC_f22b3.dir/build.make CMakeFiles/cmTC_f22b3.dir/build
make[1]: Entering directory '/tmp/tmp.LHC2rqj3pK/cmake-build-debug-remote-host/CMakeFiles/CMakeTmp'
Building C object CMakeFiles/cmTC_f22b3.dir/CheckSymbolExists.c.o
/usr/bin/gcc    -o CMakeFiles/cmTC_f22b3.dir/CheckSymbolExists.c.o   -c /tmp/tmp.LHC2rqj3pK/cmake-build-debug-remote-host/CMakeFiles/CMakeTmp/CheckSymbolExists.c
Linking C executable cmTC_f22b3
/usr/bin/cmake -E cmake_link_script CMakeFiles/cmTC_f22b3.dir/link.txt --verbose=1
/usr/bin/gcc      CMakeFiles/cmTC_f22b3.dir/CheckSymbolExists.c.o  -o cmTC_f22b3 
CMakeFiles/cmTC_f22b3.dir/CheckSymbolExists.c.o: In function `main':
CheckSymbolExists.c:(.text+0x1b): undefined reference to `pthread_create'
collect2: error: ld returned 1 exit status
CMakeFiles/cmTC_f22b3.dir/build.make:97: recipe for target 'cmTC_f22b3' failed
make[1]: *** [cmTC_f22b3] Error 1
make[1]: Leaving directory '/tmp/tmp.LHC2rqj3pK/cmake-build-debug-remote-host/CMakeFiles/CMakeTmp'
Makefile:126: recipe for target 'cmTC_f22b3/fast' failed
make: *** [cmTC_f22b3/fast] Error 2

File /tmp/tmp.LHC2rqj3pK/cmake-build-debug-remote-host/CMakeFiles/CMakeTmp/CheckSymbolExists.c:
/* */
#include <pthread.h>

int main(int argc, char** argv)
{
  (void)argv;
#ifndef pthread_create
  return ((int*)(&pthread_create))[argc];
#else
  (void)argc;
  return 0;
#endif
}

Determining if the function pthread_create exists in the pthreads failed with the following output:
Change Dir: /tmp/tmp.LHC2rqj3pK/cmake-build-debug-remote-host/CMakeFiles/CMakeTmp

Run Build Command:"/usr/bin/make" "cmTC_fde25/fast"
/usr/bin/make -f CMakeFiles/cmTC_fde25.dir/build.make CMakeFiles/cmTC_fde25.dir/build
make[1]: Entering directory '/tmp/tmp.LHC2rqj3pK/cmake-build-debug-remote-host/CMakeFiles/CMakeTmp'
Building C object CMakeFiles/cmTC_fde25.dir/CheckFunctionExists.c.o
/usr/bin/gcc   -DCHECK_FUNCTION_EXISTS=pthread_create   -o CMakeFiles/cmTC_fde25.dir/CheckFunctionExists.c.o   -c /usr/share/cmake-3.10/Modules/CheckFunctionExists.c
Linking C executable cmTC_fde25
/usr/bin/cmake -E cmake_link_script CMakeFiles/cmTC_fde25.dir/link.txt --verbose=1
/usr/bin/gcc  -DCHECK_FUNCTION_EXISTS=pthread_create    CMakeFiles/cmTC_fde25.dir/CheckFunctionExists.c.o  -o cmTC_fde25 -lpthreads 
/usr/bin/x86_64-linux-gnu-ld: cannot find -lpthreads
collect2: error: ld returned 1 exit status
CMakeFiles/cmTC_fde25.dir/build.make:97: recipe for target 'cmTC_fde25' failed
make[1]: *** [cmTC_fde25] Error 1
make[1]: Leaving directory '/tmp/tmp.LHC2rqj3pK/cmake-build-debug-remote-host/CMakeFiles/CMakeTmp'
Makefile:126: recipe for target 'cmTC_fde25/fast' failed
make: *** [cmTC_fde25/fast] Error 2


